<?xml version="1.0" encoding="UTF-8"?>
<testsuite xmlns:xsi="http://www.w3.org/2001/XMLSchema-instance" xsi:noNamespaceSchemaLocation="https://maven.apache.org/surefire/maven-surefire-plugin/xsd/surefire-test-report-3.0.xsd" version="3.0" name="TestSuite" time="3.365" tests="6" errors="0" skipped="0" failures="0">
  <properties>
[...]
</properties>
  <testcase name="testA" classname="suiteA.TestA" time="0.016"/>
  <testcase name="testAA" classname="suiteA.TestAA" time="0"/>
  <testcase name="testB" classname="suiteB.TestB" time="0"/>
  <testcase name="testBB" classname="suiteB.TestBB" time="0"/>
  <testcase name="testC" classname="suiteC.TestC" time="0.001"/>
  <testcase name="testCC" classname="suiteC.TestCC" time="0.001"/>
</testsuite>