<?xml version="1.0" encoding="UTF-8"?>
<testng-results ignored="0" total="6" passed="6" failed="0" skipped="0">
  <reporter-output>
  </reporter-output>
  <suite started-at="2020-06-22T13:13:12 IST" name="Suite" finished-at="2020-06-22T13:13:12 IST" duration-ms="0">
    <groups>
    </groups>
  </suite> <!-- Suite -->
  <suite started-at="2020-06-22T13:13:11 IST" name="Suite B" finished-at="2020-06-22T13:13:11 IST" duration-ms="332">
    <groups>
    </groups>
    <test started-at="2020-06-22T13:13:11 IST" name="Test B" finished-at="2020-06-22T13:13:11 IST" duration-ms="184">
      <class name="suiteB.TestB">
        <test-method is-config="true" signature="init(org.testng.ITestResult)[pri:0, instance:suiteB.TestB@65d6b83b]" started-at="2020-06-22T13:13:11 IST" name="init" finished-at="2020-06-22T13:13:11 IST" duration-ms="2" status="PASS">
          <params>
            <param index="0">
              <value>
                <![CDATA[[TestResult name={null} status=CREATED method=TestB.testB()[pri:0, instance:suiteB.TestB@65d6b83b] output={null}]]]>
              </value>
            </param>
          </params>
          <reporter-output>
          </reporter-output>
        </test-method> <!-- init -->
        <test-method signature="testB()[pri:0, instance:suiteB.TestB@65d6b83b]" started-at="2020-06-22T13:13:11 IST" name="testB" finished-at="2020-06-22T13:13:11 IST" duration-ms="72" status="PASS">
          <reporter-output>
          </reporter-output>
        </test-method> <!-- testB -->
        <test-method is-config="true" signature="flushreport()[pri:0, instance:suiteB.TestB@65d6b83b]" started-at="2020-06-22T13:13:11 IST" name="flushreport" finished-at="2020-06-22T13:13:11 IST" duration-ms="54" status="PASS">
          <reporter-output>
          </reporter-output>
        </test-method> <!-- flushreport -->
      </class> <!-- suiteB.TestB -->
    </test> <!-- Test B -->
    <test started-at="2020-06-22T13:13:11 IST" name="Test BB" finished-at="2020-06-22T13:13:11 IST" duration-ms="67">
      <class name="suiteB.TestBB">
        <test-method is-config="true" signature="init(org.testng.ITestResult)[pri:0, instance:suiteB.TestBB@61dd025]" started-at="2020-06-22T13:13:11 IST" name="init" finished-at="2020-06-22T13:13:11 IST" duration-ms="1" status="PASS">
          <params>
            <param index="0">
              <value>
                <![CDATA[[TestResult name={null} status=CREATED method=TestBB.testBB()[pri:0, instance:suiteB.TestBB@61dd025] output={null}]]]>
              </value>
            </param>
          </params>
          <reporter-output>
          </reporter-output>
        </test-method> <!-- init -->
        <test-method signature="testBB()[pri:0, instance:suiteB.TestBB@61dd025]" started-at="2020-06-22T13:13:11 IST" name="testBB" finished-at="2020-06-22T13:13:11 IST" duration-ms="4" status="PASS">
          <reporter-output>
          </reporter-output>
        </test-method> <!-- testBB -->
        <test-method is-config="true" signature="flushreport()[pri:0, instance:suiteB.TestBB@61dd025]" started-at="2020-06-22T13:13:11 IST" name="flushreport" finished-at="2020-06-22T13:13:11 IST" duration-ms="49" status="PASS">
          <reporter-output>
          </reporter-output>
        </test-method> <!-- flushreport -->
      </class> <!-- suiteB.TestBB -->
    </test> <!-- Test BB -->
  </suite> <!-- Suite B -->
  <suite started-at="2020-06-22T13:13:11 IST" name="Suite C" finished-at="2020-06-22T13:13:12 IST" duration-ms="214">
    <groups>
    </groups>
    <test started-at="2020-06-22T13:13:11 IST" name="Test C" finished-at="2020-06-22T13:13:11 IST" duration-ms="82">
      <class name="suiteC.TestC">
        <test-method is-config="true" signature="init(org.testng.ITestResult)[pri:0, instance:suiteC.TestC@47542153]" started-at="2020-06-22T13:13:11 IST" name="init" finished-at="2020-06-22T13:13:11 IST" duration-ms="0" status="PASS">
          <params>
            <param index="0">
              <value>
                <![CDATA[[TestResult name={null} status=CREATED method=TestC.testC()[pri:0, instance:suiteC.TestC@47542153] output={null}]]]>
              </value>
            </param>
          </params>
          <reporter-output>
          </reporter-output>
        </test-method> <!-- init -->
        <test-method signature="testC()[pri:0, instance:suiteC.TestC@47542153]" started-at="2020-06-22T13:13:11 IST" name="testC" finished-at="2020-06-22T13:13:11 IST" duration-ms="9" status="PASS">
          <reporter-output>
          </reporter-output>
        </test-method> <!-- testC -->
        <test-method is-config="true" signature="flushreport()[pri:0, instance:suiteC.TestC@47542153]" started-at="2020-06-22T13:13:11 IST" name="flushreport" finished-at="2020-06-22T13:13:11 IST" duration-ms="59" status="PASS">
          <reporter-output>
          </reporter-output>
        </test-method> <!-- flushreport -->
      </class> <!-- suiteC.TestC -->
    </test> <!-- Test C -->
    <test started-at="2020-06-22T13:13:12 IST" name="Test CC" finished-at="2020-06-22T13:13:12 IST" duration-ms="96">
      <class name="suiteC.TestCC">
        <test-method is-config="true" signature="init(org.testng.ITestResult)[pri:0, instance:suiteC.TestCC@6b26e945]" started-at="2020-06-22T13:13:12 IST" name="init" finished-at="2020-06-22T13:13:12 IST" duration-ms="1" status="PASS">
          <params>
            <param index="0">
              <value>
                <![CDATA[[TestResult name={null} status=CREATED method=TestCC.testCC()[pri:0, instance:suiteC.TestCC@6b26e945] output={null}]]]>
              </value>
            </param>
          </params>
          <reporter-output>
          </reporter-output>
        </test-method> <!-- init -->
        <test-method signature="testCC()[pri:0, instance:suiteC.TestCC@6b26e945]" started-at="2020-06-22T13:13:12 IST" name="testCC" finished-at="2020-06-22T13:13:12 IST" duration-ms="7" status="PASS">
          <reporter-output>
          </reporter-output>
        </test-method> <!-- testCC -->
        <test-method is-config="true" signature="flushreport()[pri:0, instance:suiteC.TestCC@6b26e945]" started-at="2020-06-22T13:13:12 IST" name="flushreport" finished-at="2020-06-22T13:13:12 IST" duration-ms="62" status="PASS">
          <reporter-output>
          </reporter-output>
        </test-method> <!-- flushreport -->
      </class> <!-- suiteC.TestCC -->
    </test> <!-- Test CC -->
  </suite> <!-- Suite C -->
  <suite started-at="2020-06-22T13:13:09 IST" name="Suite A" finished-at="2020-06-22T13:13:11 IST" duration-ms="2346">
    <groups>
    </groups>
    <test started-at="2020-06-22T13:13:09 IST" name="Test A" finished-at="2020-06-22T13:13:11 IST" duration-ms="2178">
      <class name="suiteA.TestA">
        <test-method is-config="true" signature="init(org.testng.ITestResult)[pri:0, instance:suiteA.TestA@78dd667e]" started-at="2020-06-22T13:13:09 IST" name="init" finished-at="2020-06-22T13:13:09 IST" duration-ms="564" status="PASS">
          <params>
            <param index="0">
              <value>
                <![CDATA[[TestResult name={null} status=CREATED method=TestA.testA()[pri:0, instance:suiteA.TestA@78dd667e] output={null}]]]>
              </value>
            </param>
          </params>
          <reporter-output>
          </reporter-output>
        </test-method> <!-- init -->
        <test-method signature="testA()[pri:0, instance:suiteA.TestA@78dd667e]" started-at="2020-06-22T13:13:09 IST" name="testA" finished-at="2020-06-22T13:13:09 IST" duration-ms="39" status="PASS">
          <reporter-output>
          </reporter-output>
        </test-method> <!-- testA -->
        <test-method is-config="true" signature="flushreport()[pri:0, instance:suiteA.TestA@78dd667e]" started-at="2020-06-22T13:13:09 IST" name="flushreport" finished-at="2020-06-22T13:13:11 IST" duration-ms="1449" status="PASS">
          <reporter-output>
          </reporter-output>
        </test-method> <!-- flushreport -->
      </class> <!-- suiteA.TestA -->
    </test> <!-- Test A -->
    <test started-at="2020-06-22T13:13:11 IST" name="Test AA" finished-at="2020-06-22T13:13:11 IST" duration-ms="97">
      <class name="suiteA.TestAA">
        <test-method is-config="true" signature="init(org.testng.ITestResult)[pri:0, instance:suiteA.TestAA@3b07a0d6]" started-at="2020-06-22T13:13:11 IST" name="init" finished-at="2020-06-22T13:13:11 IST" duration-ms="0" status="PASS">
          <params>
            <param index="0">
              <value>
                <![CDATA[[TestResult name={null} status=CREATED method=TestAA.testAA()[pri:0, instance:suiteA.TestAA@3b07a0d6] output={null}]]]>
              </value>
            </param>
          </params>
          <reporter-output>
          </reporter-output>
        </test-method> <!-- init -->
        <test-method signature="testAA()[pri:0, instance:suiteA.TestAA@3b07a0d6]" started-at="2020-06-22T13:13:11 IST" name="testAA" finished-at="2020-06-22T13:13:11 IST" duration-ms="7" status="PASS">
          <reporter-output>
          </reporter-output>
        </test-method> <!-- testAA -->
        <test-method is-config="true" signature="flushreport()[pri:0, instance:suiteA.TestAA@3b07a0d6]" started-at="2020-06-22T13:13:11 IST" name="flushreport" finished-at="2020-06-22T13:13:11 IST" duration-ms="68" status="PASS">
          <reporter-output>
          </reporter-output>
        </test-method> <!-- flushreport -->
      </class> <!-- suiteA.TestAA -->
    </test> <!-- Test AA -->
  </suite> <!-- Suite A -->
</testng-results>
